{"/Users/hamzaadad/Desktop/work/tests/TESTS/src/main.ts": {"path":"/Users/hamzaadad/Desktop/work/tests/TESTS/src/main.ts","statementMap":{"0":{"start":{"line":2,"column":2},"end":{"line":2,"column":null}},"1":{"start":{"line":2,"column":27},"end":{"line":2,"column":33}},"2":{"start":{"line":1,"column":0},"end":{"line":1,"column":16}}},"fnMap":{"0":{"name":"greater","decl":{"start":{"line":1,"column":16},"end":{"line":1,"column":23}},"loc":{"start":{"line":1,"column":38},"end":{"line":3,"column":1}}},"1":{"name":"(anonymous_1)","decl":{"start":{"line":2,"column":22},"end":{"line":2,"column":23}},"loc":{"start":{"line":2,"column":27},"end":{"line":2,"column":33}}}},"branchMap":{},"s":{"0":2,"1":13,"2":1},"f":{"0":2,"1":13},"b":{}}
}
